<?xml version="1.0" encoding="UTF-8"?>
<!-- Generated by org.testng.reporters.JUnitReportReporter -->
<testsuite skipped="0" hostname="DESKTOP-EIF60QG" name="TestLoginPage" tests="1" failures="0" timestamp="14 四月 2019 04:33:16 GMT" time="0.085" errors="0">
  <testcase name="test" time="0.085" classname="TestLoginPage"/>
</testsuite> <!-- TestLoginPage -->
