<?xml version="1.0" encoding="UTF-8"?>
<!-- Generated by org.testng.reporters.JUnitReportReporter -->
<testsuite skipped="0" hostname="DESKTOP-EIF60QG" name="com.xmkg.util.KeywordOfWeb" tests="1" failures="0" timestamp="14 四月 2019 05:16:42 GMT" time="0.008" errors="0">
  <testcase name="visitWeb" time="0.008" classname="com.xmkg.util.KeywordOfWeb"/>
</testsuite> <!-- com.xmkg.util.KeywordOfWeb -->
