<?xml version="1.0" encoding="UTF-8"?>
<!-- Generated by org.testng.reporters.JUnitReportReporter -->
<testsuite skipped="0" hostname="DESKTOP-EIF60QG" name="com.xmkg.web.TestLoginPage" tests="1" failures="0" timestamp="21 四月 2019 11:48:28 GMT" time="7.029" errors="0">
  <testcase name="test" time="7.029" classname="com.xmkg.web.TestLoginPage"/>
</testsuite> <!-- com.xmkg.web.TestLoginPage -->
